<?xml version="1.0" encoding="UTF-8"?>
<testng-results skipped="0" failed="0" total="1" passed="1">
  <reporter-output>
  </reporter-output>
  <suite name="Default suite" duration-ms="109746" started-at="2017-12-16T18:43:47Z" finished-at="2017-12-16T18:45:36Z">
    <groups>
    </groups>
    <test name="Default test" duration-ms="109746" started-at="2017-12-16T18:43:47Z" finished-at="2017-12-16T18:45:36Z">
      <class name="com.test.automation.uiAutomation.homepage.Tc_001_InvalidDataCredentials">
        <test-method status="PASS" signature="setUp()[pri:0, instance:com.test.automation.uiAutomation.homepage.Tc_001_InvalidDataCredentials@d2cc05a]" name="setUp" is-config="true" duration-ms="25181" started-at="2017-12-17T00:13:47Z" finished-at="2017-12-17T00:14:12Z">
          <reporter-output>
          </reporter-output>
        </test-method> <!-- setUp -->
        <test-method status="PASS" signature="InvalidDataCredentials()[pri:0, instance:com.test.automation.uiAutomation.homepage.Tc_001_InvalidDataCredentials@d2cc05a]" name="InvalidDataCredentials" duration-ms="84549" started-at="2017-12-17T00:14:12Z" finished-at="2017-12-17T00:15:36Z">
          <reporter-output>
          </reporter-output>
        </test-method> <!-- InvalidDataCredentials -->
        <test-method status="PASS" signature="endTest()[pri:0, instance:com.test.automation.uiAutomation.homepage.Tc_001_InvalidDataCredentials@d2cc05a]" name="endTest" is-config="true" duration-ms="7" started-at="2017-12-17T00:15:36Z" finished-at="2017-12-17T00:15:36Z">
          <reporter-output>
          </reporter-output>
        </test-method> <!-- endTest -->
      </class> <!-- com.test.automation.uiAutomation.homepage.Tc_001_InvalidDataCredentials -->
    </test> <!-- Default test -->
  </suite> <!-- Default suite -->
</testng-results>
